0 info it worked if it ends with ok
1 verbose cli [ '/usr/bin/node', '/usr/bin/npm', 'start' ]
2 info using npm@2.14.9
3 info using node@v0.12.9
4 verbose node symlink /usr/bin/node
5 verbose run-script [ 'prestart', 'start', 'poststart' ]
6 info prestart react-flux-boilerplate@1.0.0
7 info start react-flux-boilerplate@1.0.0
8 verbose unsafe-perm in lifecycle true
9 info react-flux-boilerplate@1.0.0 Failed to exec start script
10 verbose stack Error: react-flux-boilerplate@1.0.0 start: `webpack-dev-server`
10 verbose stack Exit status 1
10 verbose stack     at EventEmitter.<anonymous> (/usr/lib/node_modules/npm/lib/utils/lifecycle.js:214:16)
10 verbose stack     at EventEmitter.emit (events.js:110:17)
10 verbose stack     at ChildProcess.<anonymous> (/usr/lib/node_modules/npm/lib/utils/spawn.js:24:14)
10 verbose stack     at ChildProcess.emit (events.js:110:17)
10 verbose stack     at maybeClose (child_process.js:1016:16)
10 verbose stack     at Process.ChildProcess._handle.onexit (child_process.js:1088:5)
11 verbose pkgid react-flux-boilerplate@1.0.0
12 verbose cwd /home/omar/Code/react-flux-boilerplate
13 error Linux 3.16.0-30-generic
14 error argv "/usr/bin/node" "/usr/bin/npm" "start"
15 error node v0.12.9
16 error npm  v2.14.9
17 error code ELIFECYCLE
18 error react-flux-boilerplate@1.0.0 start: `webpack-dev-server`
18 error Exit status 1
19 error Failed at the react-flux-boilerplate@1.0.0 start script 'webpack-dev-server'.
19 error This is most likely a problem with the react-flux-boilerplate package,
19 error not with npm itself.
19 error Tell the author that this fails on your system:
19 error     webpack-dev-server
19 error You can get their info via:
19 error     npm owner ls react-flux-boilerplate
19 error There is likely additional logging output above.
20 verbose exit [ 1, true ]
